This file contains any messages produced by compilers while
running configure, to aid debugging if configure makes a mistake.

It was created by configure, which was
generated by GNU Autoconf 2.68.  Invocation command line was

  $ ./configure 

## --------- ##
## Platform. ##
## --------- ##

hostname = YangJialindeMacBook-Pro.local
uname -m = x86_64
uname -r = 15.2.0
uname -s = Darwin
uname -v = Darwin Kernel Version 15.2.0: Fri Nov 13 19:56:56 PST 2015; root:xnu-3248.20.55~2/RELEASE_X86_64

/usr/bin/uname -p = i386
/bin/uname -X     = unknown

/bin/arch              = unknown
/usr/bin/arch -k       = unknown
/usr/convex/getsysinfo = unknown
/usr/bin/hostinfo      = Mach kernel version:
	 Darwin Kernel Version 15.2.0: Fri Nov 13 19:56:56 PST 2015; root:xnu-3248.20.55~2/RELEASE_X86_64
Kernel configured for up to 4 processors.
2 processors are physically available.
4 processors are logically available.
Processor type: i486 (Intel 80486)
Processors active: 0 1 2 3
Primary memory available: 4.00 gigabytes
Default processor set: 210 tasks, 1185 threads, 4 processors
Load average: 2.36, Mach factor: 1.79
/bin/machine           = unknown
/usr/bin/oslevel       = unknown
/bin/universe          = unknown

PATH: /usr/local/bin
PATH: /usr/bin
PATH: /bin
PATH: /usr/sbin
PATH: /sbin


## ----------- ##
## Core tests. ##
## ----------- ##

configure:2846: checking for gcc
configure:2862: found /usr/bin/gcc
configure:2873: result: gcc
configure:3102: checking for C compiler version
configure:3111: gcc --version >&5
Apple LLVM version 7.0.2 (clang-700.1.81)
Target: x86_64-apple-darwin15.2.0
Thread model: posix
Configured with: --prefix=/Applications/Xcode.app/Contents/Developer/usr --with-gxx-include-dir=/Applications/Xcode.app/Contents/Developer/Platforms/MacOSX.platform/Developer/SDKs/MacOSX10.11.sdk/usr/include/c++/4.2.1
configure:3122: $? = 0
configure:3111: gcc -v >&5
Configured with: --prefix=/Applications/Xcode.app/Contents/Developer/usr --with-gxx-include-dir=/Applications/Xcode.app/Contents/Developer/Platforms/MacOSX.platform/Developer/SDKs/MacOSX10.11.sdk/usr/include/c++/4.2.1
Apple LLVM version 7.0.2 (clang-700.1.81)
Target: x86_64-apple-darwin15.2.0
Thread model: posix
configure:3122: $? = 0
configure:3111: gcc -V >&5
clang: error: argument to '-V' is missing (expected 1 value)
clang: error: no input files
configure:3122: $? = 1
configure:3111: gcc -qversion >&5
clang: error: unknown argument: '-qversion'
clang: error: no input files
configure:3122: $? = 1
configure:3142: checking whether the C compiler works
configure:3164: gcc    conftest.c  >&5
configure:3168: $? = 0
configure:3216: result: yes
configure:3219: checking for C compiler default output file name
configure:3221: result: a.out
configure:3227: checking for suffix of executables
configure:3234: gcc -o conftest    conftest.c  >&5
configure:3238: $? = 0
configure:3260: result: 
configure:3282: checking whether we are cross compiling
configure:3290: gcc -o conftest    conftest.c  >&5
configure:3294: $? = 0
configure:3301: ./conftest
configure:3305: $? = 0
configure:3320: result: no
configure:3325: checking for suffix of object files
configure:3347: gcc -c   conftest.c >&5
configure:3351: $? = 0
configure:3372: result: o
configure:3376: checking whether we are using the GNU C compiler
configure:3395: gcc -c   conftest.c >&5
configure:3395: $? = 0
configure:3404: result: yes
configure:3413: checking whether gcc accepts -g
configure:3433: gcc -c -g  conftest.c >&5
configure:3433: $? = 0
configure:3474: result: yes
configure:3491: checking for gcc option to accept ISO C89
configure:3555: gcc  -c   conftest.c >&5
configure:3555: $? = 0
configure:3568: result: none needed
configure:3646: checking for g++
configure:3662: found /usr/bin/g++
configure:3673: result: g++
configure:3700: checking for C++ compiler version
configure:3709: g++ --version >&5
Apple LLVM version 7.0.2 (clang-700.1.81)
Target: x86_64-apple-darwin15.2.0
Thread model: posix
Configured with: --prefix=/Applications/Xcode.app/Contents/Developer/usr --with-gxx-include-dir=/Applications/Xcode.app/Contents/Developer/Platforms/MacOSX.platform/Developer/SDKs/MacOSX10.11.sdk/usr/include/c++/4.2.1
configure:3720: $? = 0
configure:3709: g++ -v >&5
Configured with: --prefix=/Applications/Xcode.app/Contents/Developer/usr --with-gxx-include-dir=/Applications/Xcode.app/Contents/Developer/Platforms/MacOSX.platform/Developer/SDKs/MacOSX10.11.sdk/usr/include/c++/4.2.1
Apple LLVM version 7.0.2 (clang-700.1.81)
Target: x86_64-apple-darwin15.2.0
Thread model: posix
configure:3720: $? = 0
configure:3709: g++ -V >&5
clang: error: argument to '-V' is missing (expected 1 value)
clang: error: no input files
configure:3720: $? = 1
configure:3709: g++ -qversion >&5
clang: error: unknown argument: '-qversion'
clang: error: no input files
configure:3720: $? = 1
configure:3724: checking whether we are using the GNU C++ compiler
configure:3743: g++ -c   conftest.cpp >&5
configure:3743: $? = 0
configure:3752: result: yes
configure:3761: checking whether g++ accepts -g
configure:3781: g++ -c -g  conftest.cpp >&5
configure:3781: $? = 0
configure:3822: result: yes
configure:3888: checking for a BSD-compatible install
configure:3956: result: /usr/bin/install -c
configure:3978: checking for nroff
configure:3996: found /usr/bin/nroff
configure:4008: result: /usr/bin/nroff
configure:4066: checking for htmldoc
configure:4099: result: no
configure:4106: checking for doxygen
configure:4139: result: no
configure:4188: checking for ranlib
configure:4204: found /usr/bin/ranlib
configure:4215: result: ranlib
configure:4283: checking for ar
configure:4301: found /usr/bin/ar
configure:4313: result: /usr/bin/ar
configure:4394: checking for windres
configure:4427: result: no
configure:5076: checking size of short
configure:5081: gcc -o conftest    conftest.c  >&5
configure:5081: $? = 0
configure:5081: ./conftest
configure:5081: $? = 0
configure:5095: result: 2
configure:5109: checking size of int
configure:5114: gcc -o conftest    conftest.c  >&5
configure:5114: $? = 0
configure:5114: ./conftest
configure:5114: $? = 0
configure:5128: result: 4
configure:5142: checking size of long
configure:5147: gcc -o conftest    conftest.c  >&5
configure:5147: $? = 0
configure:5147: ./conftest
configure:5147: $? = 0
configure:5161: result: 8
configure:5197: checking whether the compiler recognizes bool as a built-in type
configure:5228: g++ -c   conftest.cpp >&5
configure:5228: $? = 0
configure:5242: result: yes
configure:5252: checking for dirent.h that defines DIR
configure:5271: gcc -c   conftest.c >&5
configure:5271: $? = 0
configure:5279: result: yes
configure:5292: checking for library containing opendir
configure:5323: gcc -o conftest    conftest.c  >&5
configure:5323: $? = 0
configure:5340: result: none required
configure:5407: checking sys/select.h usability
configure:5407: gcc -c   conftest.c >&5
configure:5407: $? = 0
configure:5407: result: yes
configure:5407: checking sys/select.h presence
configure:5407:   conftest.c
./configure: line 1634: conftest.c: command not found
configure:5407: $? = 127
configure: failed program was:
| /* confdefs.h */
| #define PACKAGE_NAME ""
| #define PACKAGE_TARNAME ""
| #define PACKAGE_VERSION ""
| #define PACKAGE_STRING ""
| #define PACKAGE_BUGREPORT ""
| #define PACKAGE_URL ""
| #define __APPLE_QUARTZ__ 1
| #define SIZEOF_SHORT 2
| #define SIZEOF_INT 4
| #define SIZEOF_LONG 8
| #define U16 unsigned short
| #define U32 unsigned
| #define HAVE_DIRENT_H 1
| /* end confdefs.h.  */
| #include <sys/select.h>
configure:5407: result: no
configure:5407: WARNING: sys/select.h: accepted by the compiler, rejected by the preprocessor!
configure:5407: WARNING: sys/select.h: proceeding with the compiler's result
configure:5407: checking for sys/select.h
configure:5407: result: yes
configure:5414: checking sys/stdtypes.h usability
configure:5414: gcc -c   conftest.c >&5
conftest.c:50:10: fatal error: 'sys/stdtypes.h' file not found
#include <sys/stdtypes.h>
         ^
1 error generated.
configure:5414: $? = 1
configure: failed program was:
| /* confdefs.h */
| #define PACKAGE_NAME ""
| #define PACKAGE_TARNAME ""
| #define PACKAGE_VERSION ""
| #define PACKAGE_STRING ""
| #define PACKAGE_BUGREPORT ""
| #define PACKAGE_URL ""
| #define __APPLE_QUARTZ__ 1
| #define SIZEOF_SHORT 2
| #define SIZEOF_INT 4
| #define SIZEOF_LONG 8
| #define U16 unsigned short
| #define U32 unsigned
| #define HAVE_DIRENT_H 1
| #define HAVE_SYS_SELECT_H 1
| /* end confdefs.h.  */
| #include <stdio.h>
| #ifdef HAVE_SYS_TYPES_H
| # include <sys/types.h>
| #endif
| #ifdef HAVE_SYS_STAT_H
| # include <sys/stat.h>
| #endif
| #ifdef STDC_HEADERS
| # include <stdlib.h>
| # include <stddef.h>
| #else
| # ifdef HAVE_STDLIB_H
| #  include <stdlib.h>
| # endif
| #endif
| #ifdef HAVE_STRING_H
| # if !defined STDC_HEADERS && defined HAVE_MEMORY_H
| #  include <memory.h>
| # endif
| # include <string.h>
| #endif
| #ifdef HAVE_STRINGS_H
| # include <strings.h>
| #endif
| #ifdef HAVE_INTTYPES_H
| # include <inttypes.h>
| #endif
| #ifdef HAVE_STDINT_H
| # include <stdint.h>
| #endif
| #ifdef HAVE_UNISTD_H
| # include <unistd.h>
| #endif
| #include <sys/stdtypes.h>
configure:5414: result: no
configure:5414: checking sys/stdtypes.h presence
configure:5414:   conftest.c
./configure: line 1634: conftest.c: command not found
configure:5414: $? = 127
configure: failed program was:
| /* confdefs.h */
| #define PACKAGE_NAME ""
| #define PACKAGE_TARNAME ""
| #define PACKAGE_VERSION ""
| #define PACKAGE_STRING ""
| #define PACKAGE_BUGREPORT ""
| #define PACKAGE_URL ""
| #define __APPLE_QUARTZ__ 1
| #define SIZEOF_SHORT 2
| #define SIZEOF_INT 4
| #define SIZEOF_LONG 8
| #define U16 unsigned short
| #define U32 unsigned
| #define HAVE_DIRENT_H 1
| #define HAVE_SYS_SELECT_H 1
| /* end confdefs.h.  */
| #include <sys/stdtypes.h>
configure:5414: result: no
configure:5414: checking for sys/stdtypes.h
configure:5414: result: no
configure:5422: checking whether we have the POSIX compatible scandir() prototype
configure:5452: g++ -c   conftest.cpp >&5
conftest.cpp:21:4: warning: control reaches end of non-void function [-Wreturn-type]
          }
          ^
1 warning generated.
configure:5452: $? = 0
configure:5466: result: yes
configure:5488: checking for vsnprintf
configure:5488: gcc -o conftest    conftest.c  >&5
conftest.c:42:6: warning: incompatible redeclaration of library function 'vsnprintf' [-Wincompatible-library-redeclaration]
char vsnprintf ();
     ^
conftest.c:42:6: note: 'vsnprintf' is a builtin with type 'int (char *, unsigned long, const char *, __va_list_tag *)'
1 warning generated.
configure:5488: $? = 0
configure:5488: result: yes
configure:5519: checking for snprintf
configure:5519: gcc -o conftest    conftest.c  >&5
conftest.c:43:6: warning: incompatible redeclaration of library function 'snprintf' [-Wincompatible-library-redeclaration]
char snprintf ();
     ^
conftest.c:43:6: note: 'snprintf' is a builtin with type 'int (char *, unsigned long, const char *, ...)'
1 warning generated.
configure:5519: $? = 0
configure:5519: result: yes
configure:5550: checking strings.h usability
configure:5550: gcc -c   conftest.c >&5
configure:5550: $? = 0
configure:5550: result: yes
configure:5550: checking strings.h presence
configure:5550:   conftest.c
./configure: line 1634: conftest.c: command not found
configure:5550: $? = 127
configure: failed program was:
| /* confdefs.h */
| #define PACKAGE_NAME ""
| #define PACKAGE_TARNAME ""
| #define PACKAGE_VERSION ""
| #define PACKAGE_STRING ""
| #define PACKAGE_BUGREPORT ""
| #define PACKAGE_URL ""
| #define __APPLE_QUARTZ__ 1
| #define SIZEOF_SHORT 2
| #define SIZEOF_INT 4
| #define SIZEOF_LONG 8
| #define U16 unsigned short
| #define U32 unsigned
| #define HAVE_DIRENT_H 1
| #define HAVE_SYS_SELECT_H 1
| #define HAVE_SCANDIR 1
| #define HAVE_SCANDIR_POSIX 1
| #define HAVE_VSNPRINTF 1
| #define HAVE_SNPRINTF 1
| /* end confdefs.h.  */
| #include <strings.h>
configure:5550: result: no
configure:5550: WARNING: strings.h: accepted by the compiler, rejected by the preprocessor!
configure:5550: WARNING: strings.h: proceeding with the compiler's result
configure:5550: checking for strings.h
configure:5550: result: yes
configure:5560: checking for strcasecmp
configure:5560: gcc -o conftest    conftest.c  >&5
conftest.c:45:6: warning: incompatible redeclaration of library function 'strcasecmp' [-Wincompatible-library-redeclaration]
char strcasecmp ();
     ^
conftest.c:45:6: note: 'strcasecmp' is a builtin with type 'int (const char *, const char *)'
1 warning generated.
configure:5560: $? = 0
configure:5560: result: yes
configure:5560: checking for strlcat
configure:5560: gcc -o conftest    conftest.c  >&5
conftest.c:46:6: warning: incompatible redeclaration of library function 'strlcat' [-Wincompatible-library-redeclaration]
char strlcat ();
     ^
conftest.c:46:6: note: 'strlcat' is a builtin with type 'unsigned long (char *, const char *, unsigned long)'
1 warning generated.
configure:5560: $? = 0
configure:5560: result: yes
configure:5560: checking for strlcpy
configure:5560: gcc -o conftest    conftest.c  >&5
conftest.c:47:6: warning: incompatible redeclaration of library function 'strlcpy' [-Wincompatible-library-redeclaration]
char strlcpy ();
     ^
conftest.c:47:6: note: 'strlcpy' is a builtin with type 'unsigned long (char *, const char *, unsigned long)'
1 warning generated.
configure:5560: $? = 0
configure:5560: result: yes
configure:5570: checking locale.h usability
configure:5570: gcc -c   conftest.c >&5
configure:5570: $? = 0
configure:5570: result: yes
configure:5570: checking locale.h presence
configure:5570:   conftest.c
./configure: line 1634: conftest.c: command not found
configure:5570: $? = 127
configure: failed program was:
| /* confdefs.h */
| #define PACKAGE_NAME ""
| #define PACKAGE_TARNAME ""
| #define PACKAGE_VERSION ""
| #define PACKAGE_STRING ""
| #define PACKAGE_BUGREPORT ""
| #define PACKAGE_URL ""
| #define __APPLE_QUARTZ__ 1
| #define SIZEOF_SHORT 2
| #define SIZEOF_INT 4
| #define SIZEOF_LONG 8
| #define U16 unsigned short
| #define U32 unsigned
| #define HAVE_DIRENT_H 1
| #define HAVE_SYS_SELECT_H 1
| #define HAVE_SCANDIR 1
| #define HAVE_SCANDIR_POSIX 1
| #define HAVE_VSNPRINTF 1
| #define HAVE_SNPRINTF 1
| #define HAVE_STRINGS_H 1
| #define HAVE_STRCASECMP 1
| #define HAVE_STRLCAT 1
| #define HAVE_STRLCPY 1
| /* end confdefs.h.  */
| #include <locale.h>
configure:5570: result: no
configure:5570: WARNING: locale.h: accepted by the compiler, rejected by the preprocessor!
configure:5570: WARNING: locale.h: proceeding with the compiler's result
configure:5570: checking for locale.h
configure:5570: result: yes
configure:5579: checking for localeconv
configure:5579: gcc -o conftest    conftest.c  >&5
configure:5579: $? = 0
configure:5579: result: yes
configure:5589: checking for library containing pow
configure:5620: gcc -o conftest    conftest.c  >&5
conftest.c:34:6: warning: incompatible redeclaration of library function 'pow' [-Wincompatible-library-redeclaration]
char pow ();
     ^
conftest.c:34:6: note: 'pow' is a builtin with type 'double (double, double)'
1 warning generated.
configure:5620: $? = 0
configure:5637: result: none required
configure:5653: checking for special C compiler options needed for large files
configure:5698: result: no
configure:5704: checking for _FILE_OFFSET_BITS value needed for large files
configure:5729: gcc -c   conftest.c >&5
configure:5729: $? = 0
configure:5761: result: no
configure:5859: checking for long long int
configure:5886: result: yes
configure:5894: checking for strtoll
configure:5894: gcc -o conftest    conftest.c  >&5
configure:5894: $? = 0
configure:5894: result: yes
configure:5901: checking for library containing dlsym
configure:5932: gcc -o conftest    conftest.c  >&5
configure:5932: $? = 0
configure:5949: result: none required
configure:5958: checking dlfcn.h usability
configure:5958: gcc -c   conftest.c >&5
configure:5958: $? = 0
configure:5958: result: yes
configure:5958: checking dlfcn.h presence
configure:5958:   conftest.c
./configure: line 1634: conftest.c: command not found
configure:5958: $? = 127
configure: failed program was:
| /* confdefs.h */
| #define PACKAGE_NAME ""
| #define PACKAGE_TARNAME ""
| #define PACKAGE_VERSION ""
| #define PACKAGE_STRING ""
| #define PACKAGE_BUGREPORT ""
| #define PACKAGE_URL ""
| #define __APPLE_QUARTZ__ 1
| #define SIZEOF_SHORT 2
| #define SIZEOF_INT 4
| #define SIZEOF_LONG 8
| #define U16 unsigned short
| #define U32 unsigned
| #define HAVE_DIRENT_H 1
| #define HAVE_SYS_SELECT_H 1
| #define HAVE_SCANDIR 1
| #define HAVE_SCANDIR_POSIX 1
| #define HAVE_VSNPRINTF 1
| #define HAVE_SNPRINTF 1
| #define HAVE_STRINGS_H 1
| #define HAVE_STRCASECMP 1
| #define HAVE_STRLCAT 1
| #define HAVE_STRLCPY 1
| #define HAVE_LOCALE_H 1
| #define HAVE_LOCALECONV 1
| #define HAVE_LONG_LONG 1
| #define HAVE_STRTOLL 1
| #define HAVE_DLSYM 1
| /* end confdefs.h.  */
| #include <dlfcn.h>
configure:5958: result: no
configure:5958: WARNING: dlfcn.h: accepted by the compiler, rejected by the preprocessor!
configure:5958: WARNING: dlfcn.h: proceeding with the compiler's result
configure:5958: checking for dlfcn.h
configure:5958: result: yes
configure:6010: checking for jpeg_CreateCompress in -ljpeg
configure:6035: gcc -o conftest    conftest.c -ljpeg   >&5
ld: library not found for -ljpeg
clang: error: linker command failed with exit code 1 (use -v to see invocation)
configure:6035: $? = 1
configure: failed program was:
| /* confdefs.h */
| #define PACKAGE_NAME ""
| #define PACKAGE_TARNAME ""
| #define PACKAGE_VERSION ""
| #define PACKAGE_STRING ""
| #define PACKAGE_BUGREPORT ""
| #define PACKAGE_URL ""
| #define __APPLE_QUARTZ__ 1
| #define SIZEOF_SHORT 2
| #define SIZEOF_INT 4
| #define SIZEOF_LONG 8
| #define U16 unsigned short
| #define U32 unsigned
| #define HAVE_DIRENT_H 1
| #define HAVE_SYS_SELECT_H 1
| #define HAVE_SCANDIR 1
| #define HAVE_SCANDIR_POSIX 1
| #define HAVE_VSNPRINTF 1
| #define HAVE_SNPRINTF 1
| #define HAVE_STRINGS_H 1
| #define HAVE_STRCASECMP 1
| #define HAVE_STRLCAT 1
| #define HAVE_STRLCPY 1
| #define HAVE_LOCALE_H 1
| #define HAVE_LOCALECONV 1
| #define HAVE_LONG_LONG 1
| #define HAVE_STRTOLL 1
| #define HAVE_DLSYM 1
| #define HAVE_DLFCN_H 1
| /* end confdefs.h.  */
| 
| /* Override any GCC internal prototype to avoid an error.
|    Use char because int might match the return type of a GCC
|    builtin and then its argument prototype would still apply.  */
| #ifdef __cplusplus
| extern "C"
| #endif
| char jpeg_CreateCompress ();
| int
| main ()
| {
| return jpeg_CreateCompress ();
|   ;
|   return 0;
| }
configure:6044: result: no
configure:6094: checking for gzgets in -lz
configure:6119: gcc -o conftest    conftest.c -lz   >&5
configure:6119: $? = 0
configure:6128: result: yes
configure:6131: checking zlib.h usability
configure:6131: gcc -c   conftest.c >&5
configure:6131: $? = 0
configure:6131: result: yes
configure:6131: checking zlib.h presence
configure:6131:   conftest.c
./configure: line 1634: conftest.c: command not found
configure:6131: $? = 127
configure: failed program was:
| /* confdefs.h */
| #define PACKAGE_NAME ""
| #define PACKAGE_TARNAME ""
| #define PACKAGE_VERSION ""
| #define PACKAGE_STRING ""
| #define PACKAGE_BUGREPORT ""
| #define PACKAGE_URL ""
| #define __APPLE_QUARTZ__ 1
| #define SIZEOF_SHORT 2
| #define SIZEOF_INT 4
| #define SIZEOF_LONG 8
| #define U16 unsigned short
| #define U32 unsigned
| #define HAVE_DIRENT_H 1
| #define HAVE_SYS_SELECT_H 1
| #define HAVE_SCANDIR 1
| #define HAVE_SCANDIR_POSIX 1
| #define HAVE_VSNPRINTF 1
| #define HAVE_SNPRINTF 1
| #define HAVE_STRINGS_H 1
| #define HAVE_STRCASECMP 1
| #define HAVE_STRLCAT 1
| #define HAVE_STRLCPY 1
| #define HAVE_LOCALE_H 1
| #define HAVE_LOCALECONV 1
| #define HAVE_LONG_LONG 1
| #define HAVE_STRTOLL 1
| #define HAVE_DLSYM 1
| #define HAVE_DLFCN_H 1
| #define HAVE_LIBJPEG 1
| /* end confdefs.h.  */
| #include <zlib.h>
configure:6131: result: no
configure:6131: WARNING: zlib.h: accepted by the compiler, rejected by the preprocessor!
configure:6131: WARNING: zlib.h: proceeding with the compiler's result
configure:6131: checking for zlib.h
configure:6131: result: yes
configure:6182: checking for png_read_info in -lpng
configure:6207: gcc -o conftest    conftest.c -lpng  -lz  >&5
ld: library not found for -lpng
clang: error: linker command failed with exit code 1 (use -v to see invocation)
configure:6207: $? = 1
configure: failed program was:
| /* confdefs.h */
| #define PACKAGE_NAME ""
| #define PACKAGE_TARNAME ""
| #define PACKAGE_VERSION ""
| #define PACKAGE_STRING ""
| #define PACKAGE_BUGREPORT ""
| #define PACKAGE_URL ""
| #define __APPLE_QUARTZ__ 1
| #define SIZEOF_SHORT 2
| #define SIZEOF_INT 4
| #define SIZEOF_LONG 8
| #define U16 unsigned short
| #define U32 unsigned
| #define HAVE_DIRENT_H 1
| #define HAVE_SYS_SELECT_H 1
| #define HAVE_SCANDIR 1
| #define HAVE_SCANDIR_POSIX 1
| #define HAVE_VSNPRINTF 1
| #define HAVE_SNPRINTF 1
| #define HAVE_STRINGS_H 1
| #define HAVE_STRCASECMP 1
| #define HAVE_STRLCAT 1
| #define HAVE_STRLCPY 1
| #define HAVE_LOCALE_H 1
| #define HAVE_LOCALECONV 1
| #define HAVE_LONG_LONG 1
| #define HAVE_STRTOLL 1
| #define HAVE_DLSYM 1
| #define HAVE_DLFCN_H 1
| #define HAVE_LIBJPEG 1
| #define HAVE_LIBZ 1
| /* end confdefs.h.  */
| 
| /* Override any GCC internal prototype to avoid an error.
|    Use char because int might match the return type of a GCC
|    builtin and then its argument prototype would still apply.  */
| #ifdef __cplusplus
| extern "C"
| #endif
| char png_read_info ();
| int
| main ()
| {
| return png_read_info ();
|   ;
|   return 0;
| }
configure:6216: result: no
configure:6381: checking pthread.h usability
configure:6381: gcc -c   conftest.c >&5
configure:6381: $? = 0
configure:6381: result: yes
configure:6381: checking pthread.h presence
configure:6381:   conftest.c
./configure: line 1634: conftest.c: command not found
configure:6381: $? = 127
configure: failed program was:
| /* confdefs.h */
| #define PACKAGE_NAME ""
| #define PACKAGE_TARNAME ""
| #define PACKAGE_VERSION ""
| #define PACKAGE_STRING ""
| #define PACKAGE_BUGREPORT ""
| #define PACKAGE_URL ""
| #define __APPLE_QUARTZ__ 1
| #define SIZEOF_SHORT 2
| #define SIZEOF_INT 4
| #define SIZEOF_LONG 8
| #define U16 unsigned short
| #define U32 unsigned
| #define HAVE_DIRENT_H 1
| #define HAVE_SYS_SELECT_H 1
| #define HAVE_SCANDIR 1
| #define HAVE_SCANDIR_POSIX 1
| #define HAVE_VSNPRINTF 1
| #define HAVE_SNPRINTF 1
| #define HAVE_STRINGS_H 1
| #define HAVE_STRCASECMP 1
| #define HAVE_STRLCAT 1
| #define HAVE_STRLCPY 1
| #define HAVE_LOCALE_H 1
| #define HAVE_LOCALECONV 1
| #define HAVE_LONG_LONG 1
| #define HAVE_STRTOLL 1
| #define HAVE_DLSYM 1
| #define HAVE_DLFCN_H 1
| #define HAVE_LIBJPEG 1
| #define HAVE_LIBZ 1
| #define HAVE_LIBPNG 1
| #define HAVE_PNG_H 1
| #define HAVE_PNG_GET_VALID 1
| #define HAVE_PNG_SET_TRNS_TO_ALPHA 1
| /* end confdefs.h.  */
| #include <pthread.h>
configure:6381: result: no
configure:6381: WARNING: pthread.h: accepted by the compiler, rejected by the preprocessor!
configure:6381: WARNING: pthread.h: proceeding with the compiler's result
configure:6381: checking for pthread.h
configure:6381: result: yes
configure:6391: checking for pthread_create using -lpthreads
configure:6406: gcc -o conftest    conftest.c -lpthreads  >&5
ld: library not found for -lpthreads
clang: error: linker command failed with exit code 1 (use -v to see invocation)
configure:6406: $? = 1
configure: failed program was:
| /* confdefs.h */
| #define PACKAGE_NAME ""
| #define PACKAGE_TARNAME ""
| #define PACKAGE_VERSION ""
| #define PACKAGE_STRING ""
| #define PACKAGE_BUGREPORT ""
| #define PACKAGE_URL ""
| #define __APPLE_QUARTZ__ 1
| #define SIZEOF_SHORT 2
| #define SIZEOF_INT 4
| #define SIZEOF_LONG 8
| #define U16 unsigned short
| #define U32 unsigned
| #define HAVE_DIRENT_H 1
| #define HAVE_SYS_SELECT_H 1
| #define HAVE_SCANDIR 1
| #define HAVE_SCANDIR_POSIX 1
| #define HAVE_VSNPRINTF 1
| #define HAVE_SNPRINTF 1
| #define HAVE_STRINGS_H 1
| #define HAVE_STRCASECMP 1
| #define HAVE_STRLCAT 1
| #define HAVE_STRLCPY 1
| #define HAVE_LOCALE_H 1
| #define HAVE_LOCALECONV 1
| #define HAVE_LONG_LONG 1
| #define HAVE_STRTOLL 1
| #define HAVE_DLSYM 1
| #define HAVE_DLFCN_H 1
| #define HAVE_LIBJPEG 1
| #define HAVE_LIBZ 1
| #define HAVE_LIBPNG 1
| #define HAVE_PNG_H 1
| #define HAVE_PNG_GET_VALID 1
| #define HAVE_PNG_SET_TRNS_TO_ALPHA 1
| #define HAVE_PTHREAD_H 1
| /* end confdefs.h.  */
| #include <pthread.h>
| int
| main ()
| {
| pthread_create(0, 0, 0, 0);
|   ;
|   return 0;
| }
configure:6413: result: no
configure:6391: checking for pthread_create using -lpthread
configure:6406: gcc -o conftest    conftest.c -lpthread  >&5
configure:6406: $? = 0
configure:6413: result: yes
configure:7914: checking if GCC supports -fno-exceptions
configure:7929: gcc -c  -fno-exceptions  conftest.c >&5
configure:7929: $? = 0
configure:7931: result: yes
configure:7941: checking if GCC supports -fno-strict-aliasing
configure:7956: gcc -c  -fno-strict-aliasing  conftest.c >&5
configure:7956: $? = 0
configure:7958: result: yes
configure:8343: creating ./config.status

## ---------------------- ##
## Running config.status. ##
## ---------------------- ##

This file was extended by config.status, which was
generated by GNU Autoconf 2.68.  Invocation command line was

  CONFIG_FILES    = 
  CONFIG_HEADERS  = 
  CONFIG_LINKS    = 
  CONFIG_COMMANDS = 
  $ ./config.status 

on YangJialindeMacBook-Pro.local

config.status:920: creating makeinclude
config.status:920: creating fltk.list
config.status:920: creating fltk-config
config.status:920: creating fltk.spec
config.status:920: creating FL/Makefile
config.status:920: creating config.h

## ---------------- ##
## Cache variables. ##
## ---------------- ##

ac_cv_c_compiler_gnu=yes
ac_cv_c_long_long=yes
ac_cv_cxx_bool=yes
ac_cv_cxx_compiler_gnu=yes
ac_cv_cxx_scandir_posix=yes
ac_cv_env_CCC_set=
ac_cv_env_CCC_value=
ac_cv_env_CC_set=
ac_cv_env_CC_value=
ac_cv_env_CFLAGS_set=
ac_cv_env_CFLAGS_value=
ac_cv_env_CPPFLAGS_set=
ac_cv_env_CPPFLAGS_value=
ac_cv_env_CPP_set=
ac_cv_env_CPP_value=
ac_cv_env_CXXFLAGS_set=
ac_cv_env_CXXFLAGS_value=
ac_cv_env_CXX_set=
ac_cv_env_CXX_value=
ac_cv_env_LDFLAGS_set=
ac_cv_env_LDFLAGS_value=
ac_cv_env_LIBS_set=
ac_cv_env_LIBS_value=
ac_cv_env_XMKMF_set=
ac_cv_env_XMKMF_value=
ac_cv_env_build_alias_set=
ac_cv_env_build_alias_value=
ac_cv_env_host_alias_set=
ac_cv_env_host_alias_value=
ac_cv_env_target_alias_set=
ac_cv_env_target_alias_value=
ac_cv_func_localeconv=yes
ac_cv_func_snprintf=yes
ac_cv_func_strcasecmp=yes
ac_cv_func_strlcat=yes
ac_cv_func_strlcpy=yes
ac_cv_func_strtoll=yes
ac_cv_func_vsnprintf=yes
ac_cv_header_dirent_dirent_h=yes
ac_cv_header_dlfcn_h=yes
ac_cv_header_locale_h=yes
ac_cv_header_pthread_h=yes
ac_cv_header_strings_h=yes
ac_cv_header_sys_select_h=yes
ac_cv_header_sys_stdtypes_h=no
ac_cv_header_zlib_h=yes
ac_cv_lib_jpeg_jpeg_CreateCompress=no
ac_cv_lib_png_png_read_info=no
ac_cv_lib_z_gzgets=yes
ac_cv_objext=o
ac_cv_path_NROFF=/usr/bin/nroff
ac_cv_path_ac_pt_AR=/usr/bin/ar
ac_cv_path_install='/usr/bin/install -c'
ac_cv_prog_ac_ct_CC=gcc
ac_cv_prog_ac_ct_CXX=g++
ac_cv_prog_ac_ct_RANLIB=ranlib
ac_cv_prog_cc_c89=
ac_cv_prog_cc_g=yes
ac_cv_prog_cxx_g=yes
ac_cv_search_dlsym='none required'
ac_cv_search_opendir='none required'
ac_cv_search_pow='none required'
ac_cv_sizeof_int=4
ac_cv_sizeof_long=8
ac_cv_sizeof_short=2
ac_cv_sys_file_offset_bits=no
ac_cv_sys_largefile_CC=no

## ----------------- ##
## Output variables. ##
## ----------------- ##

AR='/usr/bin/ar'
ARCHFLAGS=''
AUDIOLIBS='-framework CoreAudio'
CAIRODIR=''
CAIRODSONAME=''
CAIROFLAGS=''
CAIROLIBBASENAME='libfltk_cairo.a'
CAIROLIBNAME='../lib/libfltk_cairo.a'
CAIROLIBS=''
CAT1EXT='0'
CAT3EXT='0'
CAT6EXT='0'
CC='gcc'
CFLAGS=''
CPP=''
CPPFLAGS=''
CXX='g++'
CXXFLAGS=''
DEFS='-DHAVE_CONFIG_H'
DOXYDOC=''
DSOCOMMAND='echo'
DSOFLAGS=''
DSOLINK=''
DSONAME=''
ECHO_C='\c'
ECHO_N=''
ECHO_T=''
EGREP=''
EXEEXT=''
FLDSONAME=''
FLLIBBASENAME='libfltk_forms.a'
FLLIBNAME='../lib/libfltk_forms.a'
FLTKCAIROOPTION=''
FLUID='fluid'
FL_API_VERSION='1.3'
FL_MAJOR_VERSION='1'
FL_MINOR_VERSION='3'
FL_PATCH_VERSION='1'
FTCONFIG=''
GLDEMOS='gldemos'
GLDSONAME=''
GLLIB='-framework AGL -framework OpenGL -framework ApplicationServices'
GLLIBBASENAME='libfltk_gl.a'
GLLIBNAME='../lib/libfltk_gl.a'
GREP=''
GROFF=''
HLINKS='#'
HTMLDOC=''
IMAGELIBS='-lfltk_png -lz -lfltk_jpeg '
IMGDSONAME=''
IMGLIBBASENAME='libfltk_images.a'
IMGLIBNAME='../lib/libfltk_images.a'
INSTALL_DATA='${INSTALL} -m 644'
INSTALL_DESKTOP='install-osx'
INSTALL_PROGRAM='${INSTALL}'
INSTALL_SCRIPT='${INSTALL}'
JPEG='jpeg'
JPEGINC='-I../jpeg'
LARGEFILE='-D_LARGEFILE_SOURCE -D_LARGEFILE64_SOURCE'
LDFLAGS=''
LIBBASENAME='libfltk.a'
LIBCOMMAND='/usr/bin/ar cr'
LIBEXT='.a'
LIBNAME='../lib/libfltk.a'
LIBOBJS=''
LIBS='-lpthread  -framework Cocoa'
LINKFLTK='../lib/libfltk.a'
LINKFLTKCAIRO=''
LINKFLTKFORMS='../lib/libfltk_forms.a'
LINKFLTKGL='../lib/libfltk_gl.a'
LINKFLTKIMG='../lib/libfltk_images.a'
LINKSHARED=' ../lib/libfltk_images.a ../lib/libfltk_forms.a ../lib/libfltk.a'
LTLIBOBJS=''
MAKEDEPEND='$(CXX) -M'
NROFF='/usr/bin/nroff'
OBJEXT='o'
OPTIM=' -Os -Wno-deprecated-declarations -Wall -Wunused -Wno-format-y2k  -fno-exceptions -fno-strict-aliasing'
OSX_ONLY=''
PACKAGE_BUGREPORT=''
PACKAGE_NAME=''
PACKAGE_STRING=''
PACKAGE_TARNAME=''
PACKAGE_URL=''
PACKAGE_VERSION=''
PATH_SEPARATOR=':'
PNG='png'
PNGINC='-I../png'
PTHREAD_FLAGS='-D_THREAD_SAFE -D_REENTRANT'
RANLIB='ranlib'
RC=''
SHAREDSUFFIX=''
SHELL='/bin/sh'
STATICIMAGELIBS='$libdir/libfltk_png.a -lz $libdir/libfltk_jpeg.a '
THREADS='threads'
UNINSTALL_DESKTOP='uninstall-osx'
USEMMFILES='Yes'
XMKMF=''
XPROP=''
X_CFLAGS=''
X_EXTRA_LIBS=''
X_LIBS=''
X_PRE_LIBS=''
ZLIB=''
ZLIBINC=''
ac_ct_CC='gcc'
ac_ct_CXX='g++'
bindir='${exec_prefix}/bin'
build_alias=''
datadir='${datarootdir}'
datarootdir='${prefix}/share'
docdir='${datarootdir}/doc/${PACKAGE}'
dvidir='${docdir}'
exec_prefix='${prefix}'
host_alias=''
htmldir='${docdir}'
includedir='${prefix}/include'
infodir='${datarootdir}/info'
libdir='${exec_prefix}/lib'
libexecdir='${exec_prefix}/libexec'
localedir='${datarootdir}/locale'
localstatedir='${prefix}/var'
mandir='${datarootdir}/man'
oldincludedir='/usr/include'
pdfdir='${docdir}'
prefix='/usr/local'
program_transform_name='s,x,x,'
psdir='${docdir}'
sbindir='${exec_prefix}/sbin'
sharedstatedir='${prefix}/com'
sysconfdir='${prefix}/etc'
target_alias=''

## ----------- ##
## confdefs.h. ##
## ----------- ##

/* confdefs.h */
#define PACKAGE_NAME ""
#define PACKAGE_TARNAME ""
#define PACKAGE_VERSION ""
#define PACKAGE_STRING ""
#define PACKAGE_BUGREPORT ""
#define PACKAGE_URL ""
#define __APPLE_QUARTZ__ 1
#define SIZEOF_SHORT 2
#define SIZEOF_INT 4
#define SIZEOF_LONG 8
#define U16 unsigned short
#define U32 unsigned
#define HAVE_DIRENT_H 1
#define HAVE_SYS_SELECT_H 1
#define HAVE_SCANDIR 1
#define HAVE_SCANDIR_POSIX 1
#define HAVE_VSNPRINTF 1
#define HAVE_SNPRINTF 1
#define HAVE_STRINGS_H 1
#define HAVE_STRCASECMP 1
#define HAVE_STRLCAT 1
#define HAVE_STRLCPY 1
#define HAVE_LOCALE_H 1
#define HAVE_LOCALECONV 1
#define HAVE_LONG_LONG 1
#define HAVE_STRTOLL 1
#define HAVE_DLSYM 1
#define HAVE_DLFCN_H 1
#define HAVE_LIBJPEG 1
#define HAVE_LIBZ 1
#define HAVE_LIBPNG 1
#define HAVE_PNG_H 1
#define HAVE_PNG_GET_VALID 1
#define HAVE_PNG_SET_TRNS_TO_ALPHA 1
#define HAVE_PTHREAD_H 1
#define HAVE_PTHREAD 1
#define HAVE_PTHREAD 1
#define HAVE_GL 1
#define HAVE_GL_GLU_H 1
#define FLTK_DOCDIR "/usr/local/share/doc/fltk"
#define FLTK_DATADIR "/usr/local/share/fltk"

configure: exit 0
